2025-03-14 13:20:47,823 - INFO - Start Retrieving: get_existing_connections
2025-03-14 13:20:48,807 - INFO - Finish Retrieving: get_existing_connections
2025-03-14 14:12:44,351 - INFO - Start Retrieving: get_existing_connections
2025-03-14 14:12:45,265 - INFO - Finish Retrieving: get_existing_connections
2025-03-14 14:14:29,022 - INFO - Start Retrieving: get_existing_connections
2025-03-14 14:14:29,631 - INFO - Finish Retrieving: get_existing_connections
2025-03-14 14:17:30,651 - INFO - Start Retrieving: get_existing_connections
2025-03-14 14:17:31,534 - INFO - Finish Retrieving: get_existing_connections
2025-03-14 14:17:43,782 - INFO - Start Retrieving: get_existing_connections
2025-03-14 14:17:44,294 - INFO - Finish Retrieving: get_existing_connections
2025-03-14 14:18:10,505 - INFO - Start Retrieving: get_existing_connections
2025-03-14 14:18:28,401 - INFO - Start Retrieving: get_existing_connections
2025-03-14 14:20:23,117 - INFO - Start Retrieving: get_existing_connections
2025-03-14 14:20:23,750 - INFO - Finish Retrieving: get_existing_connections
2025-03-14 14:20:32,812 - INFO - Start Retrieving: get_existing_connections
2025-03-14 14:20:33,142 - INFO - Finish Retrieving: get_existing_connections
2025-03-14 14:20:43,195 - INFO - Start Retrieving: get_existing_connections
2025-03-14 14:20:44,095 - INFO - Finish Retrieving: get_existing_connections
2025-03-14 14:20:57,818 - INFO - Start Retrieving: get_existing_connections
2025-03-14 14:20:58,488 - INFO - Finish Retrieving: get_existing_connections
2025-03-14 14:26:47,393 - INFO - Start Retrieving: get_existing_connections
2025-03-14 14:26:48,331 - INFO - Finish Retrieving: get_existing_connections
2025-03-14 21:39:45,350 - INFO - Start Retrieving: get_existing_connections
2025-03-14 21:39:45,396 - INFO - Finish Retrieving: get_existing_connections
2025-03-14 22:05:15,195 - INFO - Start Retrieving: get_existing_connections from WSS_16000A
2025-03-14 22:05:15,236 - INFO - Finish Retrieving: get_existing_connections from WSS_16000A
2025-03-14 22:07:17,750 - INFO - Start Retrieving: get_existing_connections from OFS
2025-03-14 22:07:18,406 - INFO - Finish Retrieving: get_existing_connections from OFS
2025-03-14 22:07:32,996 - INFO - Start Retrieving: get_existing_connections from OFS
2025-03-14 22:07:33,613 - INFO - Finish Retrieving: get_existing_connections from OFS
2025-03-14 22:07:47,104 - INFO - Start Retrieving: get_existing_connections from OFS
2025-03-14 22:07:47,732 - INFO - Finish Retrieving: get_existing_connections from OFS
